<?xml version="1.0" encoding="UTF-8"?>
<testsuite name="at.tectrain.cicd.demo.CalculatorServiceTest" tests="4" skipped="0" failures="0" errors="0" timestamp="2022-11-22T10:14:33" hostname="WINDOWS-CD3JOJU" time="0.021">
  <properties/>
  <testcase name="testAdd()" classname="at.tectrain.cicd.demo.CalculatorServiceTest" time="0.017"/>
  <testcase name="testSubtract()" classname="at.tectrain.cicd.demo.CalculatorServiceTest" time="0.001"/>
  <testcase name="testDivide()" classname="at.tectrain.cicd.demo.CalculatorServiceTest" time="0.001"/>
  <testcase name="testMultiply()" classname="at.tectrain.cicd.demo.CalculatorServiceTest" time="0.0"/>
  <system-out><![CDATA[]]></system-out>
  <system-err><![CDATA[]]></system-err>
</testsuite>
